<testsuites><testsuite name="threads_scheduling" time="2.644715" tests="120" failures="0" errors="0" skipped="12"><properties><property name="version" value="v2.5.0" /><property name="platform" value="native_posix" /></properties><testcase classname="kernel.scheduler" name="test_bad_priorities" time="0" /><testcase classname="kernel.scheduler" name="test_priority_cooperative" time="0" /><testcase classname="kernel.scheduler" name="test_priority_preemptible" time="0" /><testcase classname="kernel.scheduler" name="test_priority_preemptible_wait_prio" time="0" /><testcase classname="kernel.scheduler" name="test_yield_cooperative" time="0" /><testcase classname="kernel.scheduler" name="test_sleep_cooperative" time="0" /><testcase classname="kernel.scheduler" name="test_sleep_wakeup_preemptible" time="0" /><testcase classname="kernel.scheduler" name="test_pending_thread_wakeup" time="0" /><testcase classname="kernel.scheduler" name="test_time_slicing_preemptible" time="0" /><testcase classname="kernel.scheduler" name="test_time_slicing_disable_preemptible" time="0" /><testcase classname="kernel.scheduler" name="test_lock_preemptible" time="0" /><testcase classname="kernel.scheduler" name="test_unlock_preemptible" time="0" /><testcase classname="kernel.scheduler" name="test_unlock_nested_sched_lock" time="0" /><testcase classname="kernel.scheduler" name="test_sched_is_preempt_thread" time="0" /><testcase classname="kernel.scheduler" name="test_slice_reset" time="0" /><testcase classname="kernel.scheduler" name="test_slice_scheduling" time="0" /><testcase classname="kernel.scheduler" name="test_priority_scheduling" time="0" /><testcase classname="kernel.scheduler" name="test_wakeup_expired_timer_thread" time="0" /><testcase classname="kernel.scheduler" name="test_user_k_wakeup" time="0" /><testcase classname="kernel.scheduler" name="test_user_k_is_preempt" time="0" /><testcase classname="kernel.scheduler.no_timeslicing" name="test_bad_priorities" time="0" /><testcase classname="kernel.scheduler.no_timeslicing" name="test_priority_cooperative" time="0" /><testcase classname="kernel.scheduler.no_timeslicing" name="test_priority_preemptible" time="0" /><testcase classname="kernel.scheduler.no_timeslicing" name="test_priority_preemptible_wait_prio" time="0" /><testcase classname="kernel.scheduler.no_timeslicing" name="test_yield_cooperative" time="0" /><testcase classname="kernel.scheduler.no_timeslicing" name="test_sleep_cooperative" time="0" /><testcase classname="kernel.scheduler.no_timeslicing" name="test_sleep_wakeup_preemptible" time="0" /><testcase classname="kernel.scheduler.no_timeslicing" name="test_pending_thread_wakeup" time="0" /><testcase classname="kernel.scheduler.no_timeslicing" name="test_time_slicing_preemptible" time="0"><skipped type="skipped" message="Unknown" /></testcase><testcase classname="kernel.scheduler.no_timeslicing" name="test_time_slicing_disable_preemptible" time="0"><skipped type="skipped" message="Unknown" /></testcase><testcase classname="kernel.scheduler.no_timeslicing" name="test_lock_preemptible" time="0" /><testcase classname="kernel.scheduler.no_timeslicing" name="test_unlock_preemptible" time="0" /><testcase classname="kernel.scheduler.no_timeslicing" name="test_unlock_nested_sched_lock" time="0" /><testcase classname="kernel.scheduler.no_timeslicing" name="test_sched_is_preempt_thread" time="0" /><testcase classname="kernel.scheduler.no_timeslicing" name="test_slice_reset" time="0"><skipped type="skipped" message="Unknown" /></testcase><testcase classname="kernel.scheduler.no_timeslicing" name="test_slice_scheduling" time="0"><skipped type="skipped" message="Unknown" /></testcase><testcase classname="kernel.scheduler.no_timeslicing" name="test_priority_scheduling" time="0" /><testcase classname="kernel.scheduler.no_timeslicing" name="test_wakeup_expired_timer_thread" time="0" /><testcase classname="kernel.scheduler.no_timeslicing" name="test_user_k_wakeup" time="0" /><testcase classname="kernel.scheduler.no_timeslicing" name="test_user_k_is_preempt" time="0" /><testcase classname="kernel.scheduler.multiq" name="test_bad_priorities" time="0" /><testcase classname="kernel.scheduler.multiq" name="test_priority_cooperative" time="0" /><testcase classname="kernel.scheduler.multiq" name="test_priority_preemptible" time="0" /><testcase classname="kernel.scheduler.multiq" name="test_priority_preemptible_wait_prio" time="0" /><testcase classname="kernel.scheduler.multiq" name="test_yield_cooperative" time="0" /><testcase classname="kernel.scheduler.multiq" name="test_sleep_cooperative" time="0" /><testcase classname="kernel.scheduler.multiq" name="test_sleep_wakeup_preemptible" time="0" /><testcase classname="kernel.scheduler.multiq" name="test_pending_thread_wakeup" time="0" /><testcase classname="kernel.scheduler.multiq" name="test_time_slicing_preemptible" time="0" /><testcase classname="kernel.scheduler.multiq" name="test_time_slicing_disable_preemptible" time="0" /><testcase classname="kernel.scheduler.multiq" name="test_lock_preemptible" time="0" /><testcase classname="kernel.scheduler.multiq" name="test_unlock_preemptible" time="0" /><testcase classname="kernel.scheduler.multiq" name="test_unlock_nested_sched_lock" time="0" /><testcase classname="kernel.scheduler.multiq" name="test_sched_is_preempt_thread" time="0" /><testcase classname="kernel.scheduler.multiq" name="test_slice_reset" time="0" /><testcase classname="kernel.scheduler.multiq" name="test_slice_scheduling" time="0" /><testcase classname="kernel.scheduler.multiq" name="test_priority_scheduling" time="0" /><testcase classname="kernel.scheduler.multiq" name="test_wakeup_expired_timer_thread" time="0" /><testcase classname="kernel.scheduler.multiq" name="test_user_k_wakeup" time="0" /><testcase classname="kernel.scheduler.multiq" name="test_user_k_is_preempt" time="0" /><testcase classname="kernel.scheduler.multiq_no_timeslicing" name="test_bad_priorities" time="0" /><testcase classname="kernel.scheduler.multiq_no_timeslicing" name="test_priority_cooperative" time="0" /><testcase classname="kernel.scheduler.multiq_no_timeslicing" name="test_priority_preemptible" time="0" /><testcase classname="kernel.scheduler.multiq_no_timeslicing" name="test_priority_preemptible_wait_prio" time="0" /><testcase classname="kernel.scheduler.multiq_no_timeslicing" name="test_yield_cooperative" time="0" /><testcase classname="kernel.scheduler.multiq_no_timeslicing" name="test_sleep_cooperative" time="0" /><testcase classname="kernel.scheduler.multiq_no_timeslicing" name="test_sleep_wakeup_preemptible" time="0" /><testcase classname="kernel.scheduler.multiq_no_timeslicing" name="test_pending_thread_wakeup" time="0" /><testcase classname="kernel.scheduler.multiq_no_timeslicing" name="test_time_slicing_preemptible" time="0"><skipped type="skipped" message="Unknown" /></testcase><testcase classname="kernel.scheduler.multiq_no_timeslicing" name="test_time_slicing_disable_preemptible" time="0"><skipped type="skipped" message="Unknown" /></testcase><testcase classname="kernel.scheduler.multiq_no_timeslicing" name="test_lock_preemptible" time="0" /><testcase classname="kernel.scheduler.multiq_no_timeslicing" name="test_unlock_preemptible" time="0" /><testcase classname="kernel.scheduler.multiq_no_timeslicing" name="test_unlock_nested_sched_lock" time="0" /><testcase classname="kernel.scheduler.multiq_no_timeslicing" name="test_sched_is_preempt_thread" time="0" /><testcase classname="kernel.scheduler.multiq_no_timeslicing" name="test_slice_reset" time="0"><skipped type="skipped" message="Unknown" /></testcase><testcase classname="kernel.scheduler.multiq_no_timeslicing" name="test_slice_scheduling" time="0"><skipped type="skipped" message="Unknown" /></testcase><testcase classname="kernel.scheduler.multiq_no_timeslicing" name="test_priority_scheduling" time="0" /><testcase classname="kernel.scheduler.multiq_no_timeslicing" name="test_wakeup_expired_timer_thread" time="0" /><testcase classname="kernel.scheduler.multiq_no_timeslicing" name="test_user_k_wakeup" time="0" /><testcase classname="kernel.scheduler.multiq_no_timeslicing" name="test_user_k_is_preempt" time="0" /><testcase classname="kernel.scheduler.dumb_timeslicing" name="test_bad_priorities" time="0" /><testcase classname="kernel.scheduler.dumb_timeslicing" name="test_priority_cooperative" time="0" /><testcase classname="kernel.scheduler.dumb_timeslicing" name="test_priority_preemptible" time="0" /><testcase classname="kernel.scheduler.dumb_timeslicing" name="test_priority_preemptible_wait_prio" time="0" /><testcase classname="kernel.scheduler.dumb_timeslicing" name="test_yield_cooperative" time="0" /><testcase classname="kernel.scheduler.dumb_timeslicing" name="test_sleep_cooperative" time="0" /><testcase classname="kernel.scheduler.dumb_timeslicing" name="test_sleep_wakeup_preemptible" time="0" /><testcase classname="kernel.scheduler.dumb_timeslicing" name="test_pending_thread_wakeup" time="0" /><testcase classname="kernel.scheduler.dumb_timeslicing" name="test_time_slicing_preemptible" time="0" /><testcase classname="kernel.scheduler.dumb_timeslicing" name="test_time_slicing_disable_preemptible" time="0" /><testcase classname="kernel.scheduler.dumb_timeslicing" name="test_lock_preemptible" time="0" /><testcase classname="kernel.scheduler.dumb_timeslicing" name="test_unlock_preemptible" time="0" /><testcase classname="kernel.scheduler.dumb_timeslicing" name="test_unlock_nested_sched_lock" time="0" /><testcase classname="kernel.scheduler.dumb_timeslicing" name="test_sched_is_preempt_thread" time="0" /><testcase classname="kernel.scheduler.dumb_timeslicing" name="test_slice_reset" time="0" /><testcase classname="kernel.scheduler.dumb_timeslicing" name="test_slice_scheduling" time="0" /><testcase classname="kernel.scheduler.dumb_timeslicing" name="test_priority_scheduling" time="0" /><testcase classname="kernel.scheduler.dumb_timeslicing" name="test_wakeup_expired_timer_thread" time="0" /><testcase classname="kernel.scheduler.dumb_timeslicing" name="test_user_k_wakeup" time="0" /><testcase classname="kernel.scheduler.dumb_timeslicing" name="test_user_k_is_preempt" time="0" /><testcase classname="kernel.scheduler.dumb_no_timeslicing" name="test_bad_priorities" time="0" /><testcase classname="kernel.scheduler.dumb_no_timeslicing" name="test_priority_cooperative" time="0" /><testcase classname="kernel.scheduler.dumb_no_timeslicing" name="test_priority_preemptible" time="0" /><testcase classname="kernel.scheduler.dumb_no_timeslicing" name="test_priority_preemptible_wait_prio" time="0" /><testcase classname="kernel.scheduler.dumb_no_timeslicing" name="test_yield_cooperative" time="0" /><testcase classname="kernel.scheduler.dumb_no_timeslicing" name="test_sleep_cooperative" time="0" /><testcase classname="kernel.scheduler.dumb_no_timeslicing" name="test_sleep_wakeup_preemptible" time="0" /><testcase classname="kernel.scheduler.dumb_no_timeslicing" name="test_pending_thread_wakeup" time="0" /><testcase classname="kernel.scheduler.dumb_no_timeslicing" name="test_time_slicing_preemptible" time="0"><skipped type="skipped" message="Unknown" /></testcase><testcase classname="kernel.scheduler.dumb_no_timeslicing" name="test_time_slicing_disable_preemptible" time="0"><skipped type="skipped" message="Unknown" /></testcase><testcase classname="kernel.scheduler.dumb_no_timeslicing" name="test_lock_preemptible" time="0" /><testcase classname="kernel.scheduler.dumb_no_timeslicing" name="test_unlock_preemptible" time="0" /><testcase classname="kernel.scheduler.dumb_no_timeslicing" name="test_unlock_nested_sched_lock" time="0" /><testcase classname="kernel.scheduler.dumb_no_timeslicing" name="test_sched_is_preempt_thread" time="0" /><testcase classname="kernel.scheduler.dumb_no_timeslicing" name="test_slice_reset" time="0"><skipped type="skipped" message="Unknown" /></testcase><testcase classname="kernel.scheduler.dumb_no_timeslicing" name="test_slice_scheduling" time="0"><skipped type="skipped" message="Unknown" /></testcase><testcase classname="kernel.scheduler.dumb_no_timeslicing" name="test_priority_scheduling" time="0" /><testcase classname="kernel.scheduler.dumb_no_timeslicing" name="test_wakeup_expired_timer_thread" time="0" /><testcase classname="kernel.scheduler.dumb_no_timeslicing" name="test_user_k_wakeup" time="0" /><testcase classname="kernel.scheduler.dumb_no_timeslicing" name="test_user_k_is_preempt" time="0" /></testsuite><testsuite name="fifo_api" time="2.022305" tests="8" failures="0" errors="0" skipped="0"><properties><property name="version" value="v2.5.0" /><property name="platform" value="native_posix" /></properties><testcase classname="kernel.fifo" name="test_fifo_thread2thread" time="0" /><testcase classname="kernel.fifo" name="test_fifo_thread2isr" time="0" /><testcase classname="kernel.fifo" name="test_fifo_isr2thread" time="0" /><testcase classname="kernel.fifo" name="test_fifo_get_fail" time="0" /><testcase classname="kernel.fifo" name="test_fifo_loop" time="0" /><testcase classname="kernel.fifo" name="test_fifo_cancel_wait" time="0" /><testcase classname="kernel.fifo" name="test_fifo_is_empty_thread" time="0" /><testcase classname="kernel.fifo" name="test_fifo_is_empty_isr" time="0" /></testsuite><testsuite name="test_fifo_timeout" time="2.008442" tests="6" failures="0" errors="0" skipped="0"><properties><property name="version" value="v2.5.0" /><property name="platform" value="native_posix" /></properties><testcase classname="kernel.fifo.timeout" name="test_timeout_empty_fifo" time="0" /><testcase classname="kernel.fifo.timeout" name="test_timeout_non_empty_fifo" time="0" /><testcase classname="kernel.fifo.timeout" name="test_timeout_fifo_thread" time="0" /><testcase classname="kernel.fifo.timeout" name="test_timeout_threads_pend_on_fifo" time="0" /><testcase classname="kernel.fifo.timeout" name="test_timeout_threads_pend_on_dual_fifos" time="0" /><testcase classname="kernel.fifo.timeout" name="test_timeout_threads_pend_fail_on_fifo" time="0" /></testsuite><testsuite name="test_fifo_usage" time="2.004769" tests="3" failures="0" errors="0" skipped="0"><properties><property name="version" value="v2.5.0" /><property name="platform" value="native_posix" /></properties><testcase classname="kernel.fifo.usage" name="test_single_fifo_play" time="0" /><testcase classname="kernel.fifo.usage" name="test_dual_fifo_play" time="0" /><testcase classname="kernel.fifo.usage" name="test_isr_fifo_play" time="0" /></testsuite><testsuite name="samples/hello_world/sample.basic.helloworld" time="5.617926" tests="2" failures="2" errors="0" skipped="0"><properties><property name="version" value="v2.5.0" /><property name="platform" value="native_posix" /></properties><testcase classname="sample.basic.helloworld" name="sample.basic.helloworld" time="0"><error type="error" message="Timeout" /></testcase><testcase classname="sample.basic.helloworld.xxx" name="sample.basic.helloworld.xxx" time="0"><error type="error" message="Timeout" /></testcase></testsuite></testsuites>